build/outputs/logs/manifest-merger-debug-report.txt
-- Merging decision tree log ---
manifest
ADDED from android/filemanager/AndroidManifest.xml:22:1-66:12
	package
		ADDED from android/filemanager/AndroidManifest.xml:23:5-36
	android:versionName
		ADDED from android/filemanager/AndroidManifest.xml:25:5-30
		INJECTED from android/filemanager/AndroidManifest.xml
		INJECTED from android/filemanager/AndroidManifest.xml
	android:versionCode
		ADDED from android/filemanager/AndroidManifest.xml:24:5-28
		INJECTED from android/filemanager/AndroidManifest.xml
		INJECTED from android/filemanager/AndroidManifest.xml
	xmlns:android
		ADDED from android/filemanager/AndroidManifest.xml:22:11-69
uses-sdk
ADDED from android/filemanager/AndroidManifest.xml:27:5-29:41
MERGED from [com.android.support:support-v4:21.0.0] AndroidManifest.xml:15:5-42
	android:targetSdkVersion
		ADDED from android/filemanager/AndroidManifest.xml:29:9-38
	android:minSdkVersion
		ADDED from android/filemanager/AndroidManifest.xml:28:9-35
uses-permission#android.permission.READ_EXTERNAL_STORAGE
ADDED from android/filemanager/AndroidManifest.xml:31:5-80
	android:name
		ADDED from android/filemanager/AndroidManifest.xml:31:22-77
uses-permission#android.permission.WRITE_EXTERNAL_STORAGE
ADDED from android/filemanager/AndroidManifest.xml:32:5-81
	android:name
		ADDED from android/filemanager/AndroidManifest.xml:32:22-78
uses-permission#com.android.launcher.permission.INSTALL_SHORTCUT
ADDED from android/filemanager/AndroidManifest.xml:33:5-88
	android:name
		ADDED from android/filemanager/AndroidManifest.xml:33:22-85
uses-permission#android.permission.INTERNET
ADDED from android/filemanager/AndroidManifest.xml:34:5-67
	android:name
		ADDED from android/filemanager/AndroidManifest.xml:34:22-64
uses-permission#android.permission.ACCESS_NETWORK_STATE
ADDED from android/filemanager/AndroidManifest.xml:35:5-79
	android:name
		ADDED from android/filemanager/AndroidManifest.xml:35:22-76
uses-permission#android.permission.NFC
ADDED from android/filemanager/AndroidManifest.xml:36:5-62
	android:name
		ADDED from android/filemanager/AndroidManifest.xml:36:22-59
application
ADDED from android/filemanager/AndroidManifest.xml:38:5-64:19
MERGED from [com.android.support:support-v4:21.0.0] AndroidManifest.xml:16:5-19
	android:label
		ADDED from android/filemanager/AndroidManifest.xml:43:9-41
	android:allowBackup
		ADDED from android/filemanager/AndroidManifest.xml:40:9-35
	android:icon
		ADDED from android/filemanager/AndroidManifest.xml:41:9-45
	android:theme
		ADDED from android/filemanager/AndroidManifest.xml:44:9-40
	android:logo
		ADDED from android/filemanager/AndroidManifest.xml:42:9-45
	android:name
		ADDED from android/filemanager/AndroidManifest.xml:39:9-68
activity#com.arpit.filemanager.folders.FolderActivity
ADDED from android/filemanager/AndroidManifest.xml:45:9-54:20
	android:label
		ADDED from android/filemanager/AndroidManifest.xml:48:13-45
	android:theme
		ADDED from android/filemanager/AndroidManifest.xml:47:13-55
	android:name
		ADDED from android/filemanager/AndroidManifest.xml:46:13-72
intent-filter#android.intent.action.MAIN+android.intent.category.LAUNCHER
ADDED from android/filemanager/AndroidManifest.xml:49:13-53:29
action#android.intent.action.MAIN
ADDED from android/filemanager/AndroidManifest.xml:50:17-69
	android:name
		ADDED from android/filemanager/AndroidManifest.xml:50:25-66
category#android.intent.category.LAUNCHER
ADDED from android/filemanager/AndroidManifest.xml:52:17-77
	android:name
		ADDED from android/filemanager/AndroidManifest.xml:52:27-74
activity#com.arpit.filemanager.about.AboutActivity
ADDED from android/filemanager/AndroidManifest.xml:55:9-63:20
	android:label
		ADDED from android/filemanager/AndroidManifest.xml:57:13-57
	android:logo
		ADDED from android/filemanager/AndroidManifest.xml:58:13-46
	android:name
		ADDED from android/filemanager/AndroidManifest.xml:56:13-69
meta-data#android.support.PARENT_ACTIVITY
ADDED from android/filemanager/AndroidManifest.xml:60:13-62:80
	android:value
		ADDED from android/filemanager/AndroidManifest.xml:62:17-77
	android:name
		ADDED from android/filemanager/AndroidManifest.xml:61:17-63